14:41:53.246 [ApplicationImpl pooled thread 36] INFO  c.b.l.BrowserStackRunExtension - junit
14:41:53.250 [ApplicationImpl pooled thread 36] INFO  com.browserstack.utils.Helpers - null
14:41:53.251 [ApplicationImpl pooled thread 36] INFO  com.browserstack.utils.Helpers - C:/javaproject/testTextEngine/TextEngine/scripts/lib/browserstack-java-sdk-1.15.0.jar
14:41:53.252 [ApplicationImpl pooled thread 36] INFO  c.b.l.BrowserStackRunExtension - Agent path: C:/javaproject/testTextEngine/TextEngine/scripts/lib/browserstack-java-sdk-1.15.0.jar
14:41:53.252 [ApplicationImpl pooled thread 36] INFO  c.b.l.BrowserStackRunExtension - Plugin version: v1.1.4
14:43:24.765 [ApplicationImpl pooled thread 10] INFO  c.b.l.BrowserStackRunExtension - application
14:43:24.765 [ApplicationImpl pooled thread 10] INFO  com.browserstack.utils.Helpers - null
14:44:33.935 [ApplicationImpl pooled thread 10] INFO  c.b.l.BrowserStackRunExtension - application
14:44:33.935 [ApplicationImpl pooled thread 10] INFO  com.browserstack.utils.Helpers - null
14:55:20.642 [ApplicationImpl pooled thread 59] INFO  c.b.l.BrowserStackRunExtension - application
14:55:20.642 [ApplicationImpl pooled thread 59] INFO  com.browserstack.utils.Helpers - null
14:56:34.930 [ApplicationImpl pooled thread 48] INFO  c.b.l.BrowserStackRunExtension - application
14:56:34.930 [ApplicationImpl pooled thread 48] INFO  com.browserstack.utils.Helpers - null
14:57:31.625 [ApplicationImpl pooled thread 57] INFO  c.b.l.BrowserStackRunExtension - application
14:57:31.625 [ApplicationImpl pooled thread 57] INFO  com.browserstack.utils.Helpers - null
14:59:18.271 [ApplicationImpl pooled thread 48] INFO  c.b.l.BrowserStackRunExtension - application
14:59:18.272 [ApplicationImpl pooled thread 48] INFO  com.browserstack.utils.Helpers - null
15:00:38.742 [ApplicationImpl pooled thread 52] INFO  c.b.l.BrowserStackRunExtension - application
15:00:38.743 [ApplicationImpl pooled thread 52] INFO  com.browserstack.utils.Helpers - null
15:03:08.544 [ApplicationImpl pooled thread 61] INFO  c.b.l.BrowserStackRunExtension - application
15:03:08.545 [ApplicationImpl pooled thread 61] INFO  com.browserstack.utils.Helpers - null
15:05:54.231 [ApplicationImpl pooled thread 48] INFO  c.b.l.BrowserStackRunExtension - application
15:05:54.232 [ApplicationImpl pooled thread 48] INFO  com.browserstack.utils.Helpers - null
15:07:59.676 [ApplicationImpl pooled thread 72] INFO  c.b.l.BrowserStackRunExtension - application
15:07:59.676 [ApplicationImpl pooled thread 72] INFO  com.browserstack.utils.Helpers - null
15:09:43.819 [ApplicationImpl pooled thread 70] INFO  c.b.l.BrowserStackRunExtension - application
15:09:43.819 [ApplicationImpl pooled thread 70] INFO  com.browserstack.utils.Helpers - null
15:10:06.715 [ApplicationImpl pooled thread 73] INFO  c.b.l.BrowserStackRunExtension - application
15:10:06.715 [ApplicationImpl pooled thread 73] INFO  com.browserstack.utils.Helpers - null
15:23:51.846 [ApplicationImpl pooled thread 80] INFO  c.b.l.BrowserStackRunExtension - application
15:23:51.846 [ApplicationImpl pooled thread 80] INFO  com.browserstack.utils.Helpers - null
15:24:06.897 [ApplicationImpl pooled thread 86] INFO  c.b.l.BrowserStackRunExtension - application
15:24:06.898 [ApplicationImpl pooled thread 86] INFO  com.browserstack.utils.Helpers - null
15:25:36.681 [ApplicationImpl pooled thread 74] INFO  c.b.l.BrowserStackRunExtension - application
15:25:36.682 [ApplicationImpl pooled thread 74] INFO  com.browserstack.utils.Helpers - null
15:27:19.548 [ApplicationImpl pooled thread 74] INFO  c.b.l.BrowserStackRunExtension - application
15:27:19.549 [ApplicationImpl pooled thread 74] INFO  com.browserstack.utils.Helpers - null
15:29:06.058 [ApplicationImpl pooled thread 77] INFO  c.b.l.BrowserStackRunExtension - application
15:29:06.059 [ApplicationImpl pooled thread 77] INFO  com.browserstack.utils.Helpers - null
16:20:27.508 [ApplicationImpl pooled thread 147] INFO  c.b.l.BrowserStackRunExtension - application
16:20:27.509 [ApplicationImpl pooled thread 147] INFO  com.browserstack.utils.Helpers - null
16:22:20.778 [ApplicationImpl pooled thread 144] INFO  c.b.l.BrowserStackRunExtension - application
16:22:20.778 [ApplicationImpl pooled thread 144] INFO  com.browserstack.utils.Helpers - null
16:23:18.801 [ApplicationImpl pooled thread 151] INFO  c.b.l.BrowserStackRunExtension - application
16:23:18.802 [ApplicationImpl pooled thread 151] INFO  com.browserstack.utils.Helpers - null
16:24:54.773 [ApplicationImpl pooled thread 151] INFO  c.b.l.BrowserStackRunExtension - application
16:24:54.775 [ApplicationImpl pooled thread 151] INFO  com.browserstack.utils.Helpers - null
16:29:31.023 [ApplicationImpl pooled thread 158] INFO  c.b.l.BrowserStackRunExtension - application
16:29:31.024 [ApplicationImpl pooled thread 158] INFO  com.browserstack.utils.Helpers - null
16:34:31.023 [ApplicationImpl pooled thread 166] INFO  c.b.l.BrowserStackRunExtension - application
16:34:31.023 [ApplicationImpl pooled thread 166] INFO  com.browserstack.utils.Helpers - null
16:36:16.065 [ApplicationImpl pooled thread 169] INFO  c.b.l.BrowserStackRunExtension - application
16:36:16.065 [ApplicationImpl pooled thread 169] INFO  com.browserstack.utils.Helpers - null
16:46:38.066 [ApplicationImpl pooled thread 186] INFO  c.b.l.BrowserStackRunExtension - application
16:46:38.067 [ApplicationImpl pooled thread 186] INFO  com.browserstack.utils.Helpers - null
16:58:46.557 [ApplicationImpl pooled thread 197] INFO  c.b.l.BrowserStackRunExtension - application
16:58:46.557 [ApplicationImpl pooled thread 197] INFO  com.browserstack.utils.Helpers - null
17:00:13.806 [ApplicationImpl pooled thread 194] INFO  c.b.l.BrowserStackRunExtension - application
17:00:13.806 [ApplicationImpl pooled thread 194] INFO  com.browserstack.utils.Helpers - null
17:05:50.283 [ApplicationImpl pooled thread 207] INFO  c.b.l.BrowserStackRunExtension - application
17:05:50.283 [ApplicationImpl pooled thread 207] INFO  com.browserstack.utils.Helpers - null
17:11:08.363 [ApplicationImpl pooled thread 220] INFO  c.b.l.BrowserStackRunExtension - application
17:11:08.363 [ApplicationImpl pooled thread 220] INFO  com.browserstack.utils.Helpers - null
17:20:30.323 [ApplicationImpl pooled thread 234] INFO  c.b.l.BrowserStackRunExtension - application
17:20:30.324 [ApplicationImpl pooled thread 234] INFO  com.browserstack.utils.Helpers - null
17:28:38.244 [ApplicationImpl pooled thread 257] INFO  c.b.l.BrowserStackRunExtension - application
17:28:38.245 [ApplicationImpl pooled thread 257] INFO  com.browserstack.utils.Helpers - null
17:40:03.311 [ApplicationImpl pooled thread 268] INFO  c.b.l.BrowserStackRunExtension - application
17:40:03.312 [ApplicationImpl pooled thread 268] INFO  com.browserstack.utils.Helpers - null
17:43:32.867 [ApplicationImpl pooled thread 274] INFO  c.b.l.BrowserStackRunExtension - application
17:43:32.867 [ApplicationImpl pooled thread 274] INFO  com.browserstack.utils.Helpers - null
17:47:24.697 [ApplicationImpl pooled thread 279] INFO  c.b.l.BrowserStackRunExtension - application
17:47:24.698 [ApplicationImpl pooled thread 279] INFO  com.browserstack.utils.Helpers - null
17:50:35.259 [ApplicationImpl pooled thread 279] INFO  c.b.l.BrowserStackRunExtension - application
17:50:35.260 [ApplicationImpl pooled thread 279] INFO  com.browserstack.utils.Helpers - null
17:58:42.927 [ApplicationImpl pooled thread 274] INFO  c.b.l.BrowserStackRunExtension - application
17:58:42.927 [ApplicationImpl pooled thread 274] INFO  com.browserstack.utils.Helpers - null
18:02:18.617 [ApplicationImpl pooled thread 297] INFO  c.b.l.BrowserStackRunExtension - application
18:02:18.618 [ApplicationImpl pooled thread 297] INFO  com.browserstack.utils.Helpers - null
18:11:44.536 [ApplicationImpl pooled thread 307] INFO  c.b.l.BrowserStackRunExtension - application
18:11:44.537 [ApplicationImpl pooled thread 307] INFO  com.browserstack.utils.Helpers - null
18:32:52.378 [ApplicationImpl pooled thread 343] INFO  c.b.l.BrowserStackRunExtension - application
18:32:52.378 [ApplicationImpl pooled thread 343] INFO  com.browserstack.utils.Helpers - null
14:25:50.258 [ApplicationImpl pooled thread 326] INFO  c.b.l.BrowserStackRunExtension - junit
14:25:50.261 [ApplicationImpl pooled thread 326] INFO  com.browserstack.utils.Helpers - null
14:25:50.262 [ApplicationImpl pooled thread 326] INFO  com.browserstack.utils.Helpers - C:/javaproject/testTextEngine/TextEngine/scripts/lib/browserstack-java-sdk-1.15.0.jar
14:25:50.262 [ApplicationImpl pooled thread 326] INFO  c.b.l.BrowserStackRunExtension - Agent path: C:/javaproject/testTextEngine/TextEngine/scripts/lib/browserstack-java-sdk-1.15.0.jar
14:25:50.262 [ApplicationImpl pooled thread 326] INFO  c.b.l.BrowserStackRunExtension - Plugin version: v1.1.4
14:26:48.578 [ApplicationImpl pooled thread 326] INFO  c.b.l.BrowserStackRunExtension - application
14:26:48.578 [ApplicationImpl pooled thread 326] INFO  com.browserstack.utils.Helpers - null
14:29:46.963 [ApplicationImpl pooled thread 331] INFO  c.b.l.BrowserStackRunExtension - application
14:29:46.963 [ApplicationImpl pooled thread 331] INFO  com.browserstack.utils.Helpers - null
14:33:04.837 [ApplicationImpl pooled thread 338] INFO  c.b.l.BrowserStackRunExtension - application
14:33:04.837 [ApplicationImpl pooled thread 338] INFO  com.browserstack.utils.Helpers - null
14:34:11.277 [ApplicationImpl pooled thread 322] INFO  c.b.l.BrowserStackRunExtension - application
14:34:11.278 [ApplicationImpl pooled thread 322] INFO  com.browserstack.utils.Helpers - null
14:35:54.117 [ApplicationImpl pooled thread 340] INFO  c.b.l.BrowserStackRunExtension - application
14:35:54.117 [ApplicationImpl pooled thread 340] INFO  com.browserstack.utils.Helpers - null
14:36:58.721 [ApplicationImpl pooled thread 341] INFO  c.b.l.BrowserStackRunExtension - application
14:36:58.721 [ApplicationImpl pooled thread 341] INFO  com.browserstack.utils.Helpers - null
14:37:23.693 [ApplicationImpl pooled thread 350] INFO  c.b.l.BrowserStackRunExtension - application
14:37:23.693 [ApplicationImpl pooled thread 350] INFO  com.browserstack.utils.Helpers - null
14:40:26.870 [ApplicationImpl pooled thread 356] INFO  c.b.l.BrowserStackRunExtension - application
14:40:26.870 [ApplicationImpl pooled thread 356] INFO  com.browserstack.utils.Helpers - null
14:41:56.908 [ApplicationImpl pooled thread 356] INFO  c.b.l.BrowserStackRunExtension - application
14:41:56.908 [ApplicationImpl pooled thread 356] INFO  com.browserstack.utils.Helpers - null
15:10:36.686 [ApplicationImpl pooled thread 378] INFO  c.b.l.BrowserStackRunExtension - application
15:10:36.686 [ApplicationImpl pooled thread 378] INFO  com.browserstack.utils.Helpers - null
15:11:29.308 [ApplicationImpl pooled thread 385] INFO  c.b.l.BrowserStackRunExtension - application
15:11:29.309 [ApplicationImpl pooled thread 385] INFO  com.browserstack.utils.Helpers - null
15:13:58.778 [ApplicationImpl pooled thread 382] INFO  c.b.l.BrowserStackRunExtension - application
15:13:58.778 [ApplicationImpl pooled thread 382] INFO  com.browserstack.utils.Helpers - null
16:51:09.994 [ApplicationImpl pooled thread 438] INFO  c.b.l.BrowserStackRunExtension - application
16:51:09.995 [ApplicationImpl pooled thread 438] INFO  com.browserstack.utils.Helpers - null
14:58:45.332 [ApplicationImpl pooled thread 601] INFO  c.b.l.BrowserStackRunExtension - application
14:58:45.333 [ApplicationImpl pooled thread 601] INFO  com.browserstack.utils.Helpers - null
15:36:34.299 [ApplicationImpl pooled thread 638] INFO  c.b.l.BrowserStackRunExtension - application
15:36:34.300 [ApplicationImpl pooled thread 638] INFO  com.browserstack.utils.Helpers - null
15:37:28.695 [ApplicationImpl pooled thread 654] INFO  c.b.l.BrowserStackRunExtension - application
15:37:28.695 [ApplicationImpl pooled thread 654] INFO  com.browserstack.utils.Helpers - null
15:37:51.224 [ApplicationImpl pooled thread 651] INFO  c.b.l.BrowserStackRunExtension - application
15:37:51.225 [ApplicationImpl pooled thread 651] INFO  com.browserstack.utils.Helpers - null
15:39:07.199 [ApplicationImpl pooled thread 651] INFO  c.b.l.BrowserStackRunExtension - application
15:39:07.199 [ApplicationImpl pooled thread 651] INFO  com.browserstack.utils.Helpers - null
15:42:11.837 [ApplicationImpl pooled thread 652] INFO  c.b.l.BrowserStackRunExtension - application
15:42:11.838 [ApplicationImpl pooled thread 652] INFO  com.browserstack.utils.Helpers - null
15:43:04.030 [ApplicationImpl pooled thread 659] INFO  c.b.l.BrowserStackRunExtension - application
15:43:04.030 [ApplicationImpl pooled thread 659] INFO  com.browserstack.utils.Helpers - null
15:43:27.482 [ApplicationImpl pooled thread 638] INFO  c.b.l.BrowserStackRunExtension - application
15:43:27.482 [ApplicationImpl pooled thread 638] INFO  com.browserstack.utils.Helpers - null
